TN:
SF:src\components\Search.tsx
FN:6,Search
FN:15,(anonymous_1)
FN:19,(anonymous_2)
FN:28,(anonymous_3)
FN:33,(anonymous_4)
FN:42,(anonymous_5)
FN:43,(anonymous_6)
FNF:7
FNH:7
FNDA:10,Search
FNDA:1,(anonymous_1)
FNDA:7,(anonymous_2)
FNDA:4,(anonymous_3)
FNDA:3,(anonymous_4)
FNDA:3,(anonymous_5)
FNDA:1,(anonymous_6)
DA:1,1
DA:3,1
DA:4,1
DA:6,1
DA:7,10
DA:9,10
DA:10,10
DA:13,10
DA:15,10
DA:16,1
DA:19,10
DA:20,7
DA:21,7
DA:22,7
DA:24,7
DA:25,7
DA:28,10
DA:29,4
DA:33,10
DA:34,3
DA:37,10
DA:42,3
DA:43,1
LF:23
LH:23
BRDA:9,0,0,10
BRDA:9,0,1,3
BRDA:16,1,0,1
BRF:3
BRH:3
end_of_record
TN:
SF:src\utils\searchcontexts.ts
FN:6,(anonymous_1)
FNF:1
FNH:0
FNDA:0,(anonymous_1)
DA:1,1
DA:4,1
LF:2
LH:2
BRF:0
BRH:0
end_of_record
